<?xml version="1.0" encoding="UTF-8"?>
<testng-results ignored="0" total="2" passed="2" failed="0" skipped="0">
  <reporter-output>
  </reporter-output>
  <suite started-at="2022-03-27T00:54:07 IST" name="Default suite" finished-at="2022-03-27T00:54:51 IST" duration-ms="43735">
    <groups>
    </groups>
    <test started-at="2022-03-27T00:54:07 IST" name="Default test" finished-at="2022-03-27T00:54:51 IST" duration-ms="43735">
      <class name="TestCases.LoginWithFacebookTestClass">
        <test-method signature="FacebookLoginTest(java.util.Hashtable)[pri:0, instance:TestCases.LoginWithFacebookTestClass@71def8f8]" started-at="2022-03-27T00:54:08 IST" name="FacebookLoginTest" data-provider="getFacebookLoginTestData" finished-at="2022-03-27T00:54:22 IST" duration-ms="14553" status="PASS">
          <params>
            <param index="0">
              <value>
                <![CDATA[{Password=test123, Comment=Invalid Password, Email=dipender}]]>
              </value>
            </param>
          </params>
          <reporter-output>
          </reporter-output>
        </test-method> <!-- FacebookLoginTest -->
        <test-method is-config="true" signature="quitBrowser()[pri:0, instance:TestCases.LoginWithFacebookTestClass@71def8f8]" started-at="2022-03-27T00:54:22 IST" name="quitBrowser" finished-at="2022-03-27T00:54:23 IST" duration-ms="733" status="PASS">
          <reporter-output>
          </reporter-output>
        </test-method> <!-- quitBrowser -->
        <test-method signature="FacebookLoginTest(java.util.Hashtable)[pri:0, instance:TestCases.LoginWithFacebookTestClass@71def8f8]" started-at="2022-03-27T00:54:23 IST" name="FacebookLoginTest" data-provider="getFacebookLoginTestData" finished-at="2022-03-27T00:54:50 IST" duration-ms="27070" status="PASS">
          <params>
            <param index="0">
              <value>
                <![CDATA[{Password=test123, Comment=Invalid Email, Email=dk@facebook.com}]]>
              </value>
            </param>
          </params>
          <reporter-output>
          </reporter-output>
        </test-method> <!-- FacebookLoginTest -->
        <test-method is-config="true" signature="quitBrowser()[pri:0, instance:TestCases.LoginWithFacebookTestClass@71def8f8]" started-at="2022-03-27T00:54:50 IST" name="quitBrowser" finished-at="2022-03-27T00:54:51 IST" duration-ms="767" status="PASS">
          <reporter-output>
          </reporter-output>
        </test-method> <!-- quitBrowser -->
      </class> <!-- TestCases.LoginWithFacebookTestClass -->
    </test> <!-- Default test -->
  </suite> <!-- Default suite -->
</testng-results>
